{"level":"info","message":{"method":"GET","url":"/api/v1/users"}}
2025-03-05T08:25:50.811Z [INFO]: {"method":"GET","url":"/api/v1/users"}
2025-03-05T08:27:29.046Z [INFO]: {"method":"GET","url":"/api/v1/users"}
2025-03-05T08:33:19.486Z [INFO]: {"method":"GET","url":"/"}
2025-03-05T08:46:58.629Z [INFO]: {"method":"GET","url":"/"}
2025-03-05T08:51:28.806Z [INFO]: {"method":"GET","url":"/api/v1/users/98"}
2025-03-05T08:52:15.827Z [INFO]: {"method":"GET","url":"/api/v1/users/98"}
2025-03-05T08:54:17.244Z [INFO]: {"method":"GET","url":"/api/v1/users/98"}
2025-03-05T08:54:30.751Z [INFO]: {"method":"GET","url":"/api/v1/users/98"}
2025-03-05T08:55:39.662Z [INFO]: {"method":"GET","url":"/api/v1/users/98"}
2025-03-11T03:54:16.637Z [INFO]: {"method":"POST","url":"/api/v1/users"}
2025-03-11T03:55:09.216Z [INFO]: {"method":"POST","url":"/api/v1/users"}
2025-03-11T03:57:01.158Z [INFO]: {"method":"POST","url":"/api/v1/users"}
2025-03-11T03:59:16.059Z [INFO]: {"method":"PATCH","url":"/api/v1/users/67cfb48d2edd2368f3d23e27"}
2025-03-11T04:00:14.321Z [INFO]: {"method":"PATCH","url":"/api/v1/users/67cfb48d2edd2368f3d23e27"}
2025-03-11T04:01:13.939Z [INFO]: {"method":"PATCH","url":"/api/v1/users/67cfb48d2edd2368f3d23e27"}
2025-03-11T04:01:21.050Z [INFO]: {"method":"PATCH","url":"/api/v1/users/67cfb48d2edd2368f3d23e27"}
2025-03-11T04:01:49.317Z [INFO]: {"method":"GET","url":"/api/v1/users/67cfb48d2edd2368f3d23e27"}
2025-03-11T04:02:05.167Z [INFO]: {"method":"GET","url":"/api/v1/users"}
2025-03-11T04:28:07.508Z [INFO]: {"method":"GET","url":"/api/v1/users"}
2025-03-11T06:22:50.614Z [INFO]: {"method":"GET","url":"/api/v1/users/67cfb48d2edd2368f3d23e29"}
2025-03-11T06:23:26.154Z [INFO]: {"method":"GET","url":"/api/v1/users/67cfb48d2edd2368f3d23e29"}
2025-03-11T06:26:36.060Z [INFO]: {"method":"GET","url":"/api/v1/users/67cfb48d2edd2368f3d23e27"}
2025-03-11T06:26:39.353Z [INFO]: {"method":"GET","url":"/api/v1/users"}
2025-03-11T06:26:48.478Z [INFO]: {"method":"GET","url":"/api/v1/users/67cfb48d2edd2368f3d23e27"}
2025-03-11T06:27:00.424Z [INFO]: {"method":"GET","url":"/api/v1/users"}
2025-03-11T06:27:20.746Z [INFO]: {"method":"POST","url":"/api/v1/users"}
2025-03-11T06:27:24.060Z [INFO]: {"method":"GET","url":"/api/v1/users"}
2025-03-11T06:27:47.444Z [INFO]: {"method":"GET","url":"/api/v1/users?keyword=%C3%82n"}
2025-03-11T06:27:54.297Z [INFO]: {"method":"GET","url":"/api/v1/users?limit=1"}
2025-03-11T06:28:14.926Z [INFO]: {"method":"GET","url":"/api/v1/users?limit=1&page=1"}
